TN:
SF:src\review\linked-issue-hard-rules.ts
FN:34,loadLinkedIssueHardRules
FN:35,(anonymous_1)
FN:57,anyLinkedIssueHardRuleOn
FN:66,findMatchingLabel
FN:67,(anonymous_4)
FN:68,(anonymous_5)
FN:71,labelMatches
FN:75,issueIsAssignedToAuthor
FN:77,(anonymous_8)
FN:86,evaluateLinkedIssueHardRules
FN:105,(anonymous_10)
FN:171,mergeLinkedIssueHardRuleWithPersistedViolation
FN:195,resolveLinkedIssueHardRule
FN:220,(anonymous_13)
FN:221,(anonymous_14)
FN:227,(anonymous_15)
FN:258,hasVerifiableOpenLinkedIssueReference
FN:260,(anonymous_17)
FN:261,(anonymous_18)
FN:271,resolveLinkedIssueHasOpenReference
FN:284,(anonymous_20)
FN:287,(anonymous_21)
FNF:22
FNH:22
FNDA:4,loadLinkedIssueHardRules
FNDA:3,(anonymous_1)
FNDA:44,anyLinkedIssueHardRuleOn
FNDA:21,findMatchingLabel
FNDA:31,(anonymous_4)
FNDA:16,(anonymous_5)
FNDA:5,labelMatches
FNDA:23,issueIsAssignedToAuthor
FNDA:7,(anonymous_8)
FNDA:27,evaluateLinkedIssueHardRules
FNDA:6,(anonymous_10)
FNDA:9,mergeLinkedIssueHardRuleWithPersistedViolation
FNDA:12,resolveLinkedIssueHardRule
FNDA:13,(anonymous_13)
FNDA:13,(anonymous_14)
FNDA:7,(anonymous_15)
FNDA:17,hasVerifiableOpenLinkedIssueReference
FNDA:21,(anonymous_17)
FNDA:12,(anonymous_18)
FNDA:9,resolveLinkedIssueHasOpenReference
FNDA:1,(anonymous_20)
FNDA:57,(anonymous_21)
DA:28,1
DA:35,4
DA:50,1
DA:58,44
DA:67,31
DA:68,21
DA:72,5
DA:76,23
DA:77,23
DA:92,27
DA:93,27
DA:94,27
DA:96,22
DA:97,24
DA:98,23
DA:101,23
DA:105,6
DA:107,5
DA:114,18
DA:115,2
DA:122,16
DA:123,16
DA:124,4
DA:131,12
DA:132,1
DA:139,10
DA:176,9
DA:177,7
DA:178,5
DA:179,3
DA:208,12
DA:210,11
DA:211,12
DA:212,1
DA:217,10
DA:218,9
DA:219,12
DA:220,13
DA:221,13
DA:222,9
DA:227,7
DA:228,5
DA:229,1
DA:234,4
DA:236,4
DA:259,17
DA:260,21
DA:261,12
DA:277,9
DA:283,8
DA:284,7
DA:285,9
DA:286,9
DA:287,57
DA:288,7
LF:55
LH:55
BRDA:35,0,0,4
BRDA:35,0,1,3
BRDA:59,1,0,44
BRDA:59,1,1,24
BRDA:59,1,2,17
BRDA:59,1,3,11
BRDA:68,2,0,21
BRDA:68,2,1,12
BRDA:77,3,0,23
BRDA:77,3,1,6
BRDA:94,4,0,5
BRDA:94,4,1,22
BRDA:97,5,0,1
BRDA:97,5,1,23
BRDA:101,6,0,5
BRDA:101,6,1,18
BRDA:102,7,0,23
BRDA:102,7,1,10
BRDA:102,7,2,10
BRDA:102,7,3,9
BRDA:114,8,0,2
BRDA:114,8,1,16
BRDA:114,9,0,18
BRDA:114,9,1,5
BRDA:114,9,2,4
BRDA:123,10,0,4
BRDA:123,10,1,12
BRDA:123,11,0,16
BRDA:123,11,1,6
BRDA:123,11,2,5
BRDA:131,12,0,1
BRDA:131,12,1,11
BRDA:131,13,0,12
BRDA:131,13,1,6
BRDA:131,13,2,5
BRDA:134,14,0,1
BRDA:134,14,1,0
BRDA:176,15,0,2
BRDA:176,15,1,7
BRDA:177,16,0,2
BRDA:177,16,1,5
BRDA:178,17,0,2
BRDA:178,17,1,3
BRDA:179,18,0,3
BRDA:179,18,1,1
BRDA:208,19,0,1
BRDA:208,19,1,11
BRDA:210,20,0,11
BRDA:210,20,1,1
BRDA:211,21,0,1
BRDA:211,21,1,11
BRDA:217,22,0,1
BRDA:217,22,1,9
BRDA:218,23,0,9
BRDA:218,23,1,1
BRDA:221,24,0,4
BRDA:221,24,1,9
BRDA:222,25,0,5
BRDA:222,25,1,4
BRDA:228,26,0,1
BRDA:228,26,1,4
BRDA:259,27,0,1
BRDA:259,27,1,16
BRDA:260,28,0,7
BRDA:260,28,1,9
BRDA:260,29,0,21
BRDA:260,29,1,14
BRDA:277,30,0,1
BRDA:277,30,1,8
BRDA:283,31,0,1
BRDA:283,31,1,7
BRDA:284,32,0,1
BRDA:284,32,1,6
BRDA:285,33,0,9
BRDA:285,33,1,7
BRF:75
BRH:74
end_of_record
